<?xml version="1.0" encoding="UTF-8"?><testsuite errors="0" failures="1" name="As an user interested in Software Automation, I want to register me in the UTest web page" skipped="0" tests="3" time="155.85" timestamp="2021-08-08 07:57:26"><testcase name="Create a new user register"><failure message="Expected enabled element was not enabled" type="net.thucydides.core.webdriver.exceptions.ElementShouldBeEnabledException">Expected enabled element was not enabled</failure><system-err>Expected enabled element was not enabled
co.com.choucair.technicalchallenge.utest.tasks.EnterLocationInformation.performAs(EnterLocationInformation.java:24)
co.com.choucair.technicalchallenge.utest.stepdefinitions.LogUpInTheWebStepDefinitions.heCreateANewUserRegisterWithValidFields(LogUpInTheWebStepDefinitions.java:30)
cucumber.runner.Runner.runPickle(Runner.java:80)
</system-err></testcase><testcase name="Create a new user register with invalid firstname lastname fields"/><testcase name="Create a new user register with empty lastname fields"/></testsuite>